<?xml version="1.0" encoding="UTF-8" ?>
<testsuites name="vitest tests" tests="15" failures="0" errors="0" time="0.5692033">
    <testsuite name="src/utils/helpers.test.ts" timestamp="2026-07-12T01:11:01.304Z" hostname="Luffy" tests="5" failures="0" errors="0" skipped="0" time="0.0044996">
        <testcase classname="src/utils/helpers.test.ts" name="toMinutes &gt; converts an HH:mm string to total minutes" time="0.0017612">
        </testcase>
        <testcase classname="src/utils/helpers.test.ts" name="minutesBetween &gt; returns the difference in minutes between two times" time="0.0002864">
        </testcase>
        <testcase classname="src/utils/helpers.test.ts" name="formatDate &gt; converts an ISO date (yyyy-mm-dd) to dd-mm-yyyy" time="0.0002584">
        </testcase>
        <testcase classname="src/utils/helpers.test.ts" name="buildPabellonCode &gt; builds initials from campus and venue words" time="0.0002794">
        </testcase>
        <testcase classname="src/utils/helpers.test.ts" name="buildPabellonCode &gt; falls back to a sanitized slug when no alphanumeric words are found" time="0.0001753">
        </testcase>
    </testsuite>
    <testsuite name="src/views/pages/MainPage.criticalViews.test.tsx" timestamp="2026-07-12T01:11:01.306Z" hostname="Luffy" tests="8" failures="0" errors="0" skipped="0" time="0.4447066">
        <testcase classname="src/views/pages/MainPage.criticalViews.test.tsx" name="Vista crítica: Login &gt; renderiza el formulario de inicio de sesión" time="0.0986466">
        </testcase>
        <testcase classname="src/views/pages/MainPage.criticalViews.test.tsx" name="Vista crítica: Login &gt; muestra un mensaje de error (estado de error) cuando el login es rechazado por la API mockeada" time="0.0462668">
            <system-err>
An update to MainPage inside a test was not wrapped in act(...).

When testing, code that causes React state updates should be wrapped into act(...):

act(() =&gt; {
  /* fire events that update state */
});
/* assert on the output */

This ensures that you&apos;re testing the behavior the user would see in the browser. Learn more at https://react.dev/link/wrap-tests-with-act

            </system-err>
        </testcase>
        <testcase classname="src/views/pages/MainPage.criticalViews.test.tsx" name="Vista crítica: Restauración de sesión (estado de carga) &gt; muestra la pantalla de &quot;Restaurando sesión&quot; mientras la llamada a api.me sigue pendiente" time="0.0078897">
            <system-err>
An update to MainPage inside a test was not wrapped in act(...).

When testing, code that causes React state updates should be wrapped into act(...):

act(() =&gt; {
  /* fire events that update state */
});
/* assert on the output */

This ensures that you&apos;re testing the behavior the user would see in the browser. Learn more at https://react.dev/link/wrap-tests-with-act
An update to MainPage inside a test was not wrapped in act(...).

When testing, code that causes React state updates should be wrapped into act(...):

act(() =&gt; {
  /* fire events that update state */
});
/* assert on the output */

This ensures that you&apos;re testing the behavior the user would see in the browser. Learn more at https://react.dev/link/wrap-tests-with-act
An update to MainPage inside a test was not wrapped in act(...).

When testing, code that causes React state updates should be wrapped into act(...):

act(() =&gt; {
  /* fire events that update state */
});
/* assert on the output */

This ensures that you&apos;re testing the behavior the user would see in the browser. Learn more at https://react.dev/link/wrap-tests-with-act

An update to MainPage inside a test was not wrapped in act(...).

When testing, code that causes React state updates should be wrapped into act(...):

act(() =&gt; {
  /* fire events that update state */
});
/* assert on the output */

This ensures that you&apos;re testing the behavior the user would see in the browser. Learn more at https://react.dev/link/wrap-tests-with-act
An update to MainPage inside a test was not wrapped in act(...).

When testing, code that causes React state updates should be wrapped into act(...):

act(() =&gt; {
  /* fire events that update state */
});
/* assert on the output */

This ensures that you&apos;re testing the behavior the user would see in the browser. Learn more at https://react.dev/link/wrap-tests-with-act

An update to MemoryRouter inside a test was not wrapped in act(...).

When testing, code that causes React state updates should be wrapped into act(...):

act(() =&gt; {
  /* fire events that update state */
});
/* assert on the output */

This ensures that you&apos;re testing the behavior the user would see in the browser. Learn more at https://react.dev/link/wrap-tests-with-act
An update to MainPage inside a test was not wrapped in act(...).

When testing, code that causes React state updates should be wrapped into act(...):

act(() =&gt; {
  /* fire events that update state */
});
/* assert on the output */

This ensures that you&apos;re testing the behavior the user would see in the browser. Learn more at https://react.dev/link/wrap-tests-with-act
An update to MainPage inside a test was not wrapped in act(...).

When testing, code that causes React state updates should be wrapped into act(...):

act(() =&gt; {
  /* fire events that update state */
});
/* assert on the output */

This ensures that you&apos;re testing the behavior the user would see in the browser. Learn more at https://react.dev/link/wrap-tests-with-act
An update to MainPage inside a test was not wrapped in act(...).

When testing, code that causes React state updates should be wrapped into act(...):

act(() =&gt; {
  /* fire events that update state */
});
/* assert on the output */

This ensures that you&apos;re testing the behavior the user would see in the browser. Learn more at https://react.dev/link/wrap-tests-with-act
An update to MainPage inside a test was not wrapped in act(...).

When testing, code that causes React state updates should be wrapped into act(...):

act(() =&gt; {
  /* fire events that update state */
});
/* assert on the output */

This ensures that you&apos;re testing the behavior the user would see in the browser. Learn more at https://react.dev/link/wrap-tests-with-act
An update to MainPage inside a test was not wrapped in act(...).

When testing, code that causes React state updates should be wrapped into act(...):

act(() =&gt; {
  /* fire events that update state */
});
/* assert on the output */

This ensures that you&apos;re testing the behavior the user would see in the browser. Learn more at https://react.dev/link/wrap-tests-with-act
An update to MainPage inside a test was not wrapped in act(...).

When testing, code that causes React state updates should be wrapped into act(...):

act(() =&gt; {
  /* fire events that update state */
});
/* assert on the output */

This ensures that you&apos;re testing the behavior the user would see in the browser. Learn more at https://react.dev/link/wrap-tests-with-act

            </system-err>
        </testcase>
        <testcase classname="src/views/pages/MainPage.criticalViews.test.tsx" name="Vista crítica: Reservas (estudiante) &gt; tras un login exitoso, renderiza la vista de Reservas con datos simulados vía HTTP mockeado" time="0.0592448">
            <system-err>
An update to MainPage inside a test was not wrapped in act(...).

When testing, code that causes React state updates should be wrapped into act(...):

act(() =&gt; {
  /* fire events that update state */
});
/* assert on the output */

This ensures that you&apos;re testing the behavior the user would see in the browser. Learn more at https://react.dev/link/wrap-tests-with-act
An update to MainPage inside a test was not wrapped in act(...).

When testing, code that causes React state updates should be wrapped into act(...):

act(() =&gt; {
  /* fire events that update state */
});
/* assert on the output */

This ensures that you&apos;re testing the behavior the user would see in the browser. Learn more at https://react.dev/link/wrap-tests-with-act
An update to MainPage inside a test was not wrapped in act(...).

When testing, code that causes React state updates should be wrapped into act(...):

act(() =&gt; {
  /* fire events that update state */
});
/* assert on the output */

This ensures that you&apos;re testing the behavior the user would see in the browser. Learn more at https://react.dev/link/wrap-tests-with-act

            </system-err>
        </testcase>
        <testcase classname="src/views/pages/MainPage.criticalViews.test.tsx" name="Vista crítica: Salas / disponibilidad (admin) &gt; tras un login exitoso como admin, renderiza el listado de salas con datos mockeados" time="0.0547552">
            <system-err>
An update to MainPage inside a test was not wrapped in act(...).

When testing, code that causes React state updates should be wrapped into act(...):

act(() =&gt; {
  /* fire events that update state */
});
/* assert on the output */

This ensures that you&apos;re testing the behavior the user would see in the browser. Learn more at https://react.dev/link/wrap-tests-with-act
An update to MainPage inside a test was not wrapped in act(...).

When testing, code that causes React state updates should be wrapped into act(...):

act(() =&gt; {
  /* fire events that update state */
});
/* assert on the output */

This ensures that you&apos;re testing the behavior the user would see in the browser. Learn more at https://react.dev/link/wrap-tests-with-act
An update to MainPage inside a test was not wrapped in act(...).

When testing, code that causes React state updates should be wrapped into act(...):

act(() =&gt; {
  /* fire events that update state */
});
/* assert on the output */

This ensures that you&apos;re testing the behavior the user would see in the browser. Learn more at https://react.dev/link/wrap-tests-with-act

            </system-err>
        </testcase>
        <testcase classname="src/views/pages/MainPage.criticalViews.test.tsx" name="Vista crítica: Salas / disponibilidad (admin) &gt; muestra un mensaje de error (toast) cuando la carga del directorio de salas falla" time="0.0303689">
            <system-err>
An update to MainPage inside a test was not wrapped in act(...).

When testing, code that causes React state updates should be wrapped into act(...):

act(() =&gt; {
  /* fire events that update state */
});
/* assert on the output */

This ensures that you&apos;re testing the behavior the user would see in the browser. Learn more at https://react.dev/link/wrap-tests-with-act
An update to MainPage inside a test was not wrapped in act(...).

When testing, code that causes React state updates should be wrapped into act(...):

act(() =&gt; {
  /* fire events that update state */
});
/* assert on the output */

This ensures that you&apos;re testing the behavior the user would see in the browser. Learn more at https://react.dev/link/wrap-tests-with-act
An update to MainPage inside a test was not wrapped in act(...).

When testing, code that causes React state updates should be wrapped into act(...):

act(() =&gt; {
  /* fire events that update state */
});
/* assert on the output */

This ensures that you&apos;re testing the behavior the user would see in the browser. Learn more at https://react.dev/link/wrap-tests-with-act

            </system-err>
        </testcase>
        <testcase classname="src/views/pages/MainPage.criticalViews.test.tsx" name="Vista crítica: Perfil / configuración &gt; muestra el estado de carga y luego el historial de actividad obtenido vía HTTP mockeado" time="0.0998748">
            <system-err>
An update to MainPage inside a test was not wrapped in act(...).

When testing, code that causes React state updates should be wrapped into act(...):

act(() =&gt; {
  /* fire events that update state */
});
/* assert on the output */

This ensures that you&apos;re testing the behavior the user would see in the browser. Learn more at https://react.dev/link/wrap-tests-with-act
An update to MainPage inside a test was not wrapped in act(...).

When testing, code that causes React state updates should be wrapped into act(...):

act(() =&gt; {
  /* fire events that update state */
});
/* assert on the output */

This ensures that you&apos;re testing the behavior the user would see in the browser. Learn more at https://react.dev/link/wrap-tests-with-act
An update to MainPage inside a test was not wrapped in act(...).

When testing, code that causes React state updates should be wrapped into act(...):

act(() =&gt; {
  /* fire events that update state */
});
/* assert on the output */

This ensures that you&apos;re testing the behavior the user would see in the browser. Learn more at https://react.dev/link/wrap-tests-with-act

            </system-err>
        </testcase>
        <testcase classname="src/views/pages/MainPage.criticalViews.test.tsx" name="Vista crítica: Vista administrativa principal (Reservas registradas) &gt; renderiza el listado de reservas administrativo con datos simulados vía HTTP mockeado" time="0.0456302">
            <system-err>
An update to MainPage inside a test was not wrapped in act(...).

When testing, code that causes React state updates should be wrapped into act(...):

act(() =&gt; {
  /* fire events that update state */
});
/* assert on the output */

This ensures that you&apos;re testing the behavior the user would see in the browser. Learn more at https://react.dev/link/wrap-tests-with-act
An update to MainPage inside a test was not wrapped in act(...).

When testing, code that causes React state updates should be wrapped into act(...):

act(() =&gt; {
  /* fire events that update state */
});
/* assert on the output */

This ensures that you&apos;re testing the behavior the user would see in the browser. Learn more at https://react.dev/link/wrap-tests-with-act
An update to MainPage inside a test was not wrapped in act(...).

When testing, code that causes React state updates should be wrapped into act(...):

act(() =&gt; {
  /* fire events that update state */
});
/* assert on the output */

This ensures that you&apos;re testing the behavior the user would see in the browser. Learn more at https://react.dev/link/wrap-tests-with-act

            </system-err>
        </testcase>
    </testsuite>
    <testsuite name="src/views/components/layout/Subnav.test.tsx" timestamp="2026-07-12T01:11:01.308Z" hostname="Luffy" tests="2" failures="0" errors="0" skipped="0" time="0.1199971">
        <testcase classname="src/views/components/layout/Subnav.test.tsx" name="Subnav &gt; renders one button per item and marks the active item" time="0.1083015">
        </testcase>
        <testcase classname="src/views/components/layout/Subnav.test.tsx" name="Subnav &gt; calls onNavigate with the clicked item key" time="0.0095636">
        </testcase>
    </testsuite>
</testsuites>
